# JRE version: OpenJDK Runtime Environment (8.0_242-b01) (build 1.8.0_242-release-1644-b01)
# Java VM: OpenJDK 64-Bit Server VM (25.242-b01 mixed mode windows-amd64 compressed oops)
Heap:
 PSYoungGen      total 251904K, used 46624K [0x00000000e0000000, 0x00000000f2100000, 0x0000000100000000)
  eden space 222208K, 7% used [0x00000000e0000000,0x00000000e1090200,0x00000000ed900000)
  from space 29696K, 99% used [0x00000000efb80000,0x00000000f1878058,0x00000000f1880000)
  to   space 35328K, 0% used [0x00000000ed900000,0x00000000ed900000,0x00000000efb80000)
 ParOldGen       total 150528K, used 62143K [0x00000000a0000000, 0x00000000a9300000, 0x00000000e0000000)
  object space 150528K, 41% used [0x00000000a0000000,0x00000000a3caff08,0x00000000a9300000)
 Metaspace       used 74457K, capacity 77690K, committed 77872K, reserved 1116160K
  class space    used 9962K, capacity 10679K, committed 10800K, reserved 1048576K
GC Heap History (10 events):
Event: 6.035 GC heap before
{Heap before GC invocations=15 (full 3):
 PSYoungGen      total 181760K, used 16842K [0x00000000e0000000, 0x00000000ecd00000, 0x0000000100000000)
  eden space 163328K, 0% used [0x00000000e0000000,0x00000000e0000000,0x00000000e9f80000)
  from space 18432K, 91% used [0x00000000eb380000,0x00000000ec3f2848,0x00000000ec580000)
  to   space 20480K, 0% used [0x00000000e9f80000,0x00000000e9f80000,0x00000000eb380000)
 ParOldGen       total 91648K, used 30569K [0x00000000a0000000, 0x00000000a5980000, 0x00000000e0000000)
  object space 91648K, 33% used [0x00000000a0000000,0x00000000a1dda568,0x00000000a5980000)
 Metaspace       used 57154K, capacity 59130K, committed 59160K, reserved 1099776K
  class space    used 7840K, capacity 8343K, committed 8368K, reserved 1048576K
Event: 6.205 GC heap after
Heap after GC invocations=15 (full 3):
 PSYoungGen      total 181760K, used 0K [0x00000000e0000000, 0x00000000ecd00000, 0x0000000100000000)
  eden space 163328K, 0% used [0x00000000e0000000,0x00000000e0000000,0x00000000e9f80000)
  from space 18432K, 0% used [0x00000000eb380000,0x00000000eb380000,0x00000000ec580000)
  to   space 20480K, 0% used [0x00000000e9f80000,0x00000000e9f80000,0x00000000eb380000)
 ParOldGen       total 150528K, used 42618K [0x00000000a0000000, 0x00000000a9300000, 0x00000000e0000000)
  object space 150528K, 28% used [0x00000000a0000000,0x00000000a299eb50,0x00000000a9300000)
 Metaspace       used 57147K, capacity 59106K, committed 59160K, reserved 1099776K
  class space    used 7838K, capacity 8339K, committed 8368K, reserved 1048576K
}
Event: 7.644 GC heap before
{Heap before GC invocations=16 (full 3):
 PSYoungGen      total 181760K, used 163328K [0x00000000e0000000, 0x00000000ecd00000, 0x0000000100000000)
  eden space 163328K, 100% used [0x00000000e0000000,0x00000000e9f80000,0x00000000e9f80000)
  from space 18432K, 0% used [0x00000000eb380000,0x00000000eb380000,0x00000000ec580000)
  to   space 20480K, 0% used [0x00000000e9f80000,0x00000000e9f80000,0x00000000eb380000)
 ParOldGen       total 150528K, used 42618K [0x00000000a0000000, 0x00000000a9300000, 0x00000000e0000000)
  object space 150528K, 28% used [0x00000000a0000000,0x00000000a299eb50,0x00000000a9300000)
 Metaspace       used 61179K, capacity 63806K, committed 64048K, reserved 1103872K
  class space    used 8386K, capacity 8949K, committed 9008K, reserved 1048576K
Event: 7.659 GC heap after
Heap after GC invocations=16 (full 3):
 PSYoungGen      total 183808K, used 18067K [0x00000000e0000000, 0x00000000eec80000, 0x0000000100000000)
  eden space 163328K, 0% used [0x00000000e0000000,0x00000000e0000000,0x00000000e9f80000)
  from space 20480K, 88% used [0x00000000e9f80000,0x00000000eb124fa0,0x00000000eb380000)
  to   space 22528K, 0% used [0x00000000ed680000,0x00000000ed680000,0x00000000eec80000)
 ParOldGen       total 150528K, used 42626K [0x00000000a0000000, 0x00000000a9300000, 0x00000000e0000000)
  object space 150528K, 28% used [0x00000000a0000000,0x00000000a29a0b50,0x00000000a9300000)
 Metaspace       used 61179K, capacity 63806K, committed 64048K, reserved 1103872K
  class space    used 8386K, capacity 8949K, committed 9008K, reserved 1048576K
}
Event: 9.155 GC heap before
{Heap before GC invocations=17 (full 3):
 PSYoungGen      total 183808K, used 181395K [0x00000000e0000000, 0x00000000eec80000, 0x0000000100000000)
  eden space 163328K, 100% used [0x00000000e0000000,0x00000000e9f80000,0x00000000e9f80000)
  from space 20480K, 88% used [0x00000000e9f80000,0x00000000eb124fa0,0x00000000eb380000)
  to   space 22528K, 0% used [0x00000000ed680000,0x00000000ed680000,0x00000000eec80000)
 ParOldGen       total 150528K, used 42626K [0x00000000a0000000, 0x00000000a9300000, 0x00000000e0000000)
  object space 150528K, 28% used [0x00000000a0000000,0x00000000a29a0b50,0x00000000a9300000)
 Metaspace       used 63136K, capacity 65926K, committed 66096K, reserved 1105920K
  class space    used 8603K, capacity 9227K, committed 9264K, reserved 1048576K
Event: 9.182 GC heap after
Heap after GC invocations=17 (full 3):
 PSYoungGen      total 215040K, used 22513K [0x00000000e0000000, 0x00000000ef500000, 0x0000000100000000)
  eden space 192512K, 0% used [0x00000000e0000000,0x00000000e0000000,0x00000000ebc00000)
  from space 22528K, 99% used [0x00000000ed680000,0x00000000eec7c630,0x00000000eec80000)
  to   space 27136K, 0% used [0x00000000ebc00000,0x00000000ebc00000,0x00000000ed680000)
 ParOldGen       total 150528K, used 46428K [0x00000000a0000000, 0x00000000a9300000, 0x00000000e0000000)
  object space 150528K, 30% used [0x00000000a0000000,0x00000000a2d573d8,0x00000000a9300000)
 Metaspace       used 63136K, capacity 65926K, committed 66096K, reserved 1105920K
  class space    used 8603K, capacity 9227K, committed 9264K, reserved 1048576K
}
Event: 13.248 GC heap before
{Heap before GC invocations=18 (full 3):
 PSYoungGen      total 215040K, used 215025K [0x00000000e0000000, 0x00000000ef500000, 0x0000000100000000)
  eden space 192512K, 100% used [0x00000000e0000000,0x00000000ebc00000,0x00000000ebc00000)
  from space 22528K, 99% used [0x00000000ed680000,0x00000000eec7c630,0x00000000eec80000)
  to   space 27136K, 0% used [0x00000000ebc00000,0x00000000ebc00000,0x00000000ed680000)
 ParOldGen       total 150528K, used 46428K [0x00000000a0000000, 0x00000000a9300000, 0x00000000e0000000)
  object space 150528K, 30% used [0x00000000a0000000,0x00000000a2d573d8,0x00000000a9300000)
 Metaspace       used 68039K, capacity 70982K, committed 71088K, reserved 1110016K
  class space    used 9184K, capacity 9799K, committed 9904K, reserved 1048576K
Event: 13.278 GC heap after
Heap after GC invocations=18 (full 3):
 PSYoungGen      total 219648K, used 23098K [0x00000000e0000000, 0x00000000f1880000, 0x0000000100000000)
  eden space 192512K, 0% used [0x00000000e0000000,0x00000000e0000000,0x00000000ebc00000)
  from space 27136K, 85% used [0x00000000ebc00000,0x00000000ed28e878,0x00000000ed680000)
  to   space 29696K, 0% used [0x00000000efb80000,0x00000000efb80000,0x00000000f1880000)
 ParOldGen       total 150528K, used 58387K [0x00000000a0000000, 0x00000000a9300000, 0x00000000e0000000)
  object space 150528K, 38% used [0x00000000a0000000,0x00000000a3904d50,0x00000000a9300000)
 Metaspace       used 68039K, capacity 70982K, committed 71088K, reserved 1110016K
  class space    used 9184K, capacity 9799K, committed 9904K, reserved 1048576K
}
Event: 16.645 GC heap before
{Heap before GC invocations=19 (full 3):
 PSYoungGen      total 219648K, used 215610K [0x00000000e0000000, 0x00000000f1880000, 0x0000000100000000)
  eden space 192512K, 100% used [0x00000000e0000000,0x00000000ebc00000,0x00000000ebc00000)
  from space 27136K, 85% used [0x00000000ebc00000,0x00000000ed28e878,0x00000000ed680000)
  to   space 29696K, 0% used [0x00000000efb80000,0x00000000efb80000,0x00000000f1880000)
 ParOldGen       total 150528K, used 58387K [0x00000000a0000000, 0x00000000a9300000, 0x00000000e0000000)
  object space 150528K, 38% used [0x00000000a0000000,0x00000000a3904d50,0x00000000a9300000)
 Metaspace       used 73267K, capacity 76436K, committed 76592K, reserved 1116160K
  class space    used 9838K, capacity 10518K, committed 10544K, reserved 1048576K
Event: 16.676 GC heap after
Heap after GC invocations=19 (full 3):
 PSYoungGen      total 251904K, used 29664K [0x00000000e0000000, 0x00000000f2100000, 0x0000000100000000)
  eden space 222208K, 0% used [0x00000000e0000000,0x00000000e0000000,0x00000000ed900000)
  from space 29696K, 99% used [0x00000000efb80000,0x00000000f1878058,0x00000000f1880000)
  to   space 35328K, 0% used [0x00000000ed900000,0x00000000ed900000,0x00000000efb80000)
 ParOldGen       total 150528K, used 62143K [0x00000000a0000000, 0x00000000a9300000, 0x00000000e0000000)
  object space 150528K, 41% used [0x00000000a0000000,0x00000000a3caff08,0x00000000a9300000)
 Metaspace       used 73267K, capacity 76436K, committed 76592K, reserved 1116160K
  class space    used 9838K, capacity 10518K, committed 10544K, reserved 1048576K
}

