# JRE version: OpenJDK Runtime Environment (8.0_242-b01) (build 1.8.0_242-release-1644-b01)
# Java VM: OpenJDK 64-Bit Server VM (25.242-b01 mixed mode windows-amd64 compressed oops)
Heap:
 PSYoungGen      total 269312K, used 212469K [0x00000000e0000000, 0x00000000f2b80000, 0x0000000100000000)
  eden space 244224K, 76% used [0x00000000e0000000,0x00000000eb702fa8,0x00000000eee80000)
  from space 25088K, 99% used [0x00000000f0c00000,0x00000000f247a738,0x00000000f2480000)
  to   space 30208K, 0% used [0x00000000eee80000,0x00000000eee80000,0x00000000f0c00000)
 ParOldGen       total 146432K, used 39183K [0x00000000a0000000, 0x00000000a8f00000, 0x00000000e0000000)
  object space 146432K, 26% used [0x00000000a0000000,0x00000000a2643c50,0x00000000a8f00000)
 Metaspace       used 81462K, capacity 84922K, committed 85016K, reserved 1122304K
  class space    used 10740K, capacity 11511K, committed 11544K, reserved 1048576K
GC Heap History (10 events):
Event: 13.703 GC heap before
{Heap before GC invocations=11 (full 2):
 PSYoungGen      total 182272K, used 181785K [0x00000000e0000000, 0x00000000ec380000, 0x0000000100000000)
  eden space 169984K, 100% used [0x00000000e0000000,0x00000000ea600000,0x00000000ea600000)
  from space 12288K, 96% used [0x00000000eb780000,0x00000000ec306720,0x00000000ec380000)
  to   space 14336K, 0% used [0x00000000ea780000,0x00000000ea780000,0x00000000eb580000)
 ParOldGen       total 99840K, used 16843K [0x00000000a0000000, 0x00000000a6180000, 0x00000000e0000000)
  object space 99840K, 16% used [0x00000000a0000000,0x00000000a1072c90,0x00000000a6180000)
 Metaspace       used 54087K, capacity 56066K, committed 56368K, reserved 1097728K
  class space    used 7116K, capacity 7625K, committed 7728K, reserved 1048576K
Event: 13.732 GC heap after
Heap after GC invocations=11 (full 2):
 PSYoungGen      total 185856K, used 14316K [0x00000000e0000000, 0x00000000eed80000, 0x0000000100000000)
  eden space 171520K, 0% used [0x00000000e0000000,0x00000000e0000000,0x00000000ea780000)
  from space 14336K, 99% used [0x00000000ea780000,0x00000000eb57b310,0x00000000eb580000)
  to   space 21504K, 0% used [0x00000000ed880000,0x00000000ed880000,0x00000000eed80000)
 ParOldGen       total 99840K, used 29678K [0x00000000a0000000, 0x00000000a6180000, 0x00000000e0000000)
  object space 99840K, 29% used [0x00000000a0000000,0x00000000a1cfbb98,0x00000000a6180000)
 Metaspace       used 54087K, capacity 56066K, committed 56368K, reserved 1097728K
  class space    used 7116K, capacity 7625K, committed 7728K, reserved 1048576K
}
Event: 14.132 GC heap before
{Heap before GC invocations=12 (full 2):
 PSYoungGen      total 185856K, used 51824K [0x00000000e0000000, 0x00000000eed80000, 0x0000000100000000)
  eden space 171520K, 21% used [0x00000000e0000000,0x00000000e24a0e88,0x00000000ea780000)
  from space 14336K, 99% used [0x00000000ea780000,0x00000000eb57b310,0x00000000eb580000)
  to   space 21504K, 0% used [0x00000000ed880000,0x00000000ed880000,0x00000000eed80000)
 ParOldGen       total 99840K, used 29678K [0x00000000a0000000, 0x00000000a6180000, 0x00000000e0000000)
  object space 99840K, 29% used [0x00000000a0000000,0x00000000a1cfbb98,0x00000000a6180000)
 Metaspace       used 56995K, capacity 59044K, committed 59160K, reserved 1099776K
  class space    used 7606K, capacity 8122K, committed 8216K, reserved 1048576K
Event: 14.156 GC heap after
Heap after GC invocations=12 (full 2):
 PSYoungGen      total 219648K, used 18531K [0x00000000e0000000, 0x00000000f0700000, 0x0000000100000000)
  eden space 198144K, 0% used [0x00000000e0000000,0x00000000e0000000,0x00000000ec180000)
  from space 21504K, 86% used [0x00000000ed880000,0x00000000eea98e50,0x00000000eed80000)
  to   space 23552K, 0% used [0x00000000ec180000,0x00000000ec180000,0x00000000ed880000)
 ParOldGen       total 99840K, used 29686K [0x00000000a0000000, 0x00000000a6180000, 0x00000000e0000000)
  object space 99840K, 29% used [0x00000000a0000000,0x00000000a1cfdb98,0x00000000a6180000)
 Metaspace       used 56995K, capacity 59044K, committed 59160K, reserved 1099776K
  class space    used 7606K, capacity 8122K, committed 8216K, reserved 1048576K
}
Event: 14.156 GC heap before
{Heap before GC invocations=13 (full 3):
 PSYoungGen      total 219648K, used 18531K [0x00000000e0000000, 0x00000000f0700000, 0x0000000100000000)
  eden space 198144K, 0% used [0x00000000e0000000,0x00000000e0000000,0x00000000ec180000)
  from space 21504K, 86% used [0x00000000ed880000,0x00000000eea98e50,0x00000000eed80000)
  to   space 23552K, 0% used [0x00000000ec180000,0x00000000ec180000,0x00000000ed880000)
 ParOldGen       total 99840K, used 29686K [0x00000000a0000000, 0x00000000a6180000, 0x00000000e0000000)
  object space 99840K, 29% used [0x00000000a0000000,0x00000000a1cfdb98,0x00000000a6180000)
 Metaspace       used 56995K, capacity 59044K, committed 59160K, reserved 1099776K
  class space    used 7606K, capacity 8122K, committed 8216K, reserved 1048576K
Event: 14.362 GC heap after
Heap after GC invocations=13 (full 3):
 PSYoungGen      total 219648K, used 0K [0x00000000e0000000, 0x00000000f0700000, 0x0000000100000000)
  eden space 198144K, 0% used [0x00000000e0000000,0x00000000e0000000,0x00000000ec180000)
  from space 21504K, 0% used [0x00000000ed880000,0x00000000ed880000,0x00000000eed80000)
  to   space 23552K, 0% used [0x00000000ec180000,0x00000000ec180000,0x00000000ed880000)
 ParOldGen       total 146432K, used 35157K [0x00000000a0000000, 0x00000000a8f00000, 0x00000000e0000000)
  object space 146432K, 24% used [0x00000000a0000000,0x00000000a22555e0,0x00000000a8f00000)
 Metaspace       used 56932K, capacity 58898K, committed 59160K, reserved 1099776K
  class space    used 7589K, capacity 8101K, committed 8216K, reserved 1048576K
}
Event: 16.284 GC heap before
{Heap before GC invocations=14 (full 3):
 PSYoungGen      total 219648K, used 198144K [0x00000000e0000000, 0x00000000f0700000, 0x0000000100000000)
  eden space 198144K, 100% used [0x00000000e0000000,0x00000000ec180000,0x00000000ec180000)
  from space 21504K, 0% used [0x00000000ed880000,0x00000000ed880000,0x00000000eed80000)
  to   space 23552K, 0% used [0x00000000ec180000,0x00000000ec180000,0x00000000ed880000)
 ParOldGen       total 146432K, used 35157K [0x00000000a0000000, 0x00000000a8f00000, 0x00000000e0000000)
  object space 146432K, 24% used [0x00000000a0000000,0x00000000a22555e0,0x00000000a8f00000)
 Metaspace       used 66303K, capacity 68918K, committed 69016K, reserved 1107968K
  class space    used 9000K, capacity 9566K, committed 9624K, reserved 1048576K
Event: 16.306 GC heap after
Heap after GC invocations=14 (full 3):
 PSYoungGen      total 221696K, used 17764K [0x00000000e0000000, 0x00000000f2480000, 0x0000000100000000)
  eden space 198144K, 0% used [0x00000000e0000000,0x00000000e0000000,0x00000000ec180000)
  from space 23552K, 75% used [0x00000000ec180000,0x00000000ed2d9030,0x00000000ed880000)
  to   space 25088K, 0% used [0x00000000f0c00000,0x00000000f0c00000,0x00000000f2480000)
 ParOldGen       total 146432K, used 35165K [0x00000000a0000000, 0x00000000a8f00000, 0x00000000e0000000)
  object space 146432K, 24% used [0x00000000a0000000,0x00000000a22575e0,0x00000000a8f00000)
 Metaspace       used 66303K, capacity 68918K, committed 69016K, reserved 1107968K
  class space    used 9000K, capacity 9566K, committed 9624K, reserved 1048576K
}
Event: 18.572 GC heap before
{Heap before GC invocations=15 (full 3):
 PSYoungGen      total 221696K, used 215908K [0x00000000e0000000, 0x00000000f2480000, 0x0000000100000000)
  eden space 198144K, 100% used [0x00000000e0000000,0x00000000ec180000,0x00000000ec180000)
  from space 23552K, 75% used [0x00000000ec180000,0x00000000ed2d9030,0x00000000ed880000)
  to   space 25088K, 0% used [0x00000000f0c00000,0x00000000f0c00000,0x00000000f2480000)
 ParOldGen       total 146432K, used 35165K [0x00000000a0000000, 0x00000000a8f00000, 0x00000000e0000000)
  object space 146432K, 24% used [0x00000000a0000000,0x00000000a22575e0,0x00000000a8f00000)
 Metaspace       used 73316K, capacity 76358K, committed 76440K, reserved 1116160K
  class space    used 9944K, capacity 10643K, committed 10648K, reserved 1048576K
Event: 18.597 GC heap after
Heap after GC invocations=15 (full 3):
 PSYoungGen      total 269312K, used 25065K [0x00000000e0000000, 0x00000000f2b80000, 0x0000000100000000)
  eden space 244224K, 0% used [0x00000000e0000000,0x00000000e0000000,0x00000000eee80000)
  from space 25088K, 99% used [0x00000000f0c00000,0x00000000f247a738,0x00000000f2480000)
  to   space 30208K, 0% used [0x00000000eee80000,0x00000000eee80000,0x00000000f0c00000)
 ParOldGen       total 146432K, used 39183K [0x00000000a0000000, 0x00000000a8f00000, 0x00000000e0000000)
  object space 146432K, 26% used [0x00000000a0000000,0x00000000a2643c50,0x00000000a8f00000)
 Metaspace       used 73316K, capacity 76358K, committed 76440K, reserved 1116160K
  class space    used 9944K, capacity 10643K, committed 10648K, reserved 1048576K
}

