# JRE version: OpenJDK Runtime Environment (8.0_242-b01) (build 1.8.0_242-release-1644-b01)
# Java VM: OpenJDK 64-Bit Server VM (25.242-b01 mixed mode windows-amd64 compressed oops)
Heap:
 PSYoungGen      total 139776K, used 107137K [0x00000000e0000000, 0x00000000ed900000, 0x0000000100000000)
  eden space 128000K, 83% used [0x00000000e0000000,0x00000000e68a07a0,0x00000000e7d00000)
  from space 11776K, 0% used [0x00000000e7d00000,0x00000000e7d00000,0x00000000e8880000)
  to   space 13312K, 0% used [0x00000000ecc00000,0x00000000ecc00000,0x00000000ed900000)
 ParOldGen       total 65024K, used 18245K [0x00000000a0000000, 0x00000000a3f80000, 0x00000000e0000000)
  object space 65024K, 28% used [0x00000000a0000000,0x00000000a11d1610,0x00000000a3f80000)
 Metaspace       used 43212K, capacity 44720K, committed 44976K, reserved 1087488K
  class space    used 5855K, capacity 6260K, committed 6320K, reserved 1048576K
GC Heap History (10 events):
Event: 2.102 GC heap before
{Heap before GC invocations=7 (full 0):
 PSYoungGen      total 75776K, used 9690K [0x00000000e0000000, 0x00000000e5700000, 0x0000000100000000)
  eden space 65536K, 1% used [0x00000000e0000000,0x00000000e00f8e78,0x00000000e4000000)
  from space 10240K, 84% used [0x00000000e4b00000,0x00000000e537dc30,0x00000000e5500000)
  to   space 11264K, 0% used [0x00000000e4000000,0x00000000e4000000,0x00000000e4b00000)
 ParOldGen       total 87552K, used 7076K [0x00000000a0000000, 0x00000000a5580000, 0x00000000e0000000)
  object space 87552K, 8% used [0x00000000a0000000,0x00000000a06e9280,0x00000000a5580000)
 Metaspace       used 20664K, capacity 21260K, committed 21296K, reserved 1067008K
  class space    used 2896K, capacity 3116K, committed 3120K, reserved 1048576K
Event: 2.107 GC heap after
Heap after GC invocations=7 (full 0):
 PSYoungGen      total 76800K, used 4064K [0x00000000e0000000, 0x00000000e9600000, 0x0000000100000000)
  eden space 65536K, 0% used [0x00000000e0000000,0x00000000e0000000,0x00000000e4000000)
  from space 11264K, 36% used [0x00000000e4000000,0x00000000e43f8030,0x00000000e4b00000)
  to   space 11264K, 0% used [0x00000000e8b00000,0x00000000e8b00000,0x00000000e9600000)
 ParOldGen       total 87552K, used 9312K [0x00000000a0000000, 0x00000000a5580000, 0x00000000e0000000)
  object space 87552K, 10% used [0x00000000a0000000,0x00000000a09182e0,0x00000000a5580000)
 Metaspace       used 20664K, capacity 21260K, committed 21296K, reserved 1067008K
  class space    used 2896K, capacity 3116K, committed 3120K, reserved 1048576K
}
Event: 2.107 GC heap before
{Heap before GC invocations=8 (full 1):
 PSYoungGen      total 76800K, used 4064K [0x00000000e0000000, 0x00000000e9600000, 0x0000000100000000)
  eden space 65536K, 0% used [0x00000000e0000000,0x00000000e0000000,0x00000000e4000000)
  from space 11264K, 36% used [0x00000000e4000000,0x00000000e43f8030,0x00000000e4b00000)
  to   space 11264K, 0% used [0x00000000e8b00000,0x00000000e8b00000,0x00000000e9600000)
 ParOldGen       total 87552K, used 9312K [0x00000000a0000000, 0x00000000a5580000, 0x00000000e0000000)
  object space 87552K, 10% used [0x00000000a0000000,0x00000000a09182e0,0x00000000a5580000)
 Metaspace       used 20664K, capacity 21260K, committed 21296K, reserved 1067008K
  class space    used 2896K, capacity 3116K, committed 3120K, reserved 1048576K
Event: 2.139 GC heap after
Heap after GC invocations=8 (full 1):
 PSYoungGen      total 76800K, used 0K [0x00000000e0000000, 0x00000000e9600000, 0x0000000100000000)
  eden space 65536K, 0% used [0x00000000e0000000,0x00000000e0000000,0x00000000e4000000)
  from space 11264K, 0% used [0x00000000e4000000,0x00000000e4000000,0x00000000e4b00000)
  to   space 11264K, 0% used [0x00000000e8b00000,0x00000000e8b00000,0x00000000e9600000)
 ParOldGen       total 46592K, used 6958K [0x00000000a0000000, 0x00000000a2d80000, 0x00000000e0000000)
  object space 46592K, 14% used [0x00000000a0000000,0x00000000a06cba98,0x00000000a2d80000)
 Metaspace       used 20664K, capacity 21260K, committed 21296K, reserved 1067008K
  class space    used 2896K, capacity 3116K, committed 3120K, reserved 1048576K
}
Event: 2.634 GC heap before
{Heap before GC invocations=9 (full 1):
 PSYoungGen      total 76800K, used 65247K [0x00000000e0000000, 0x00000000e9600000, 0x0000000100000000)
  eden space 65536K, 99% used [0x00000000e0000000,0x00000000e3fb7e20,0x00000000e4000000)
  from space 11264K, 0% used [0x00000000e4000000,0x00000000e4000000,0x00000000e4b00000)
  to   space 11264K, 0% used [0x00000000e8b00000,0x00000000e8b00000,0x00000000e9600000)
 ParOldGen       total 46592K, used 6958K [0x00000000a0000000, 0x00000000a2d80000, 0x00000000e0000000)
  object space 46592K, 14% used [0x00000000a0000000,0x00000000a06cba98,0x00000000a2d80000)
 Metaspace       used 28234K, capacity 28916K, committed 29232K, reserved 1075200K
  class space    used 3895K, capacity 4127K, committed 4144K, reserved 1048576K
Event: 2.640 GC heap after
Heap after GC invocations=9 (full 1):
 PSYoungGen      total 135680K, used 9086K [0x00000000e0000000, 0x00000000e9400000, 0x0000000100000000)
  eden space 126464K, 0% used [0x00000000e0000000,0x00000000e0000000,0x00000000e7b80000)
  from space 9216K, 98% used [0x00000000e8b00000,0x00000000e93dfac8,0x00000000e9400000)
  to   space 11776K, 0% used [0x00000000e7d00000,0x00000000e7d00000,0x00000000e8880000)
 ParOldGen       total 46592K, used 6966K [0x00000000a0000000, 0x00000000a2d80000, 0x00000000e0000000)
  object space 46592K, 14% used [0x00000000a0000000,0x00000000a06cda98,0x00000000a2d80000)
 Metaspace       used 28234K, capacity 28916K, committed 29232K, reserved 1075200K
  class space    used 3895K, capacity 4127K, committed 4144K, reserved 1048576K
}
Event: 3.298 GC heap before
{Heap before GC invocations=10 (full 1):
 PSYoungGen      total 135680K, used 119660K [0x00000000e0000000, 0x00000000e9400000, 0x0000000100000000)
  eden space 126464K, 87% used [0x00000000e0000000,0x00000000e6bfb730,0x00000000e7b80000)
  from space 9216K, 98% used [0x00000000e8b00000,0x00000000e93dfac8,0x00000000e9400000)
  to   space 11776K, 0% used [0x00000000e7d00000,0x00000000e7d00000,0x00000000e8880000)
 ParOldGen       total 46592K, used 6966K [0x00000000a0000000, 0x00000000a2d80000, 0x00000000e0000000)
  object space 46592K, 14% used [0x00000000a0000000,0x00000000a06cda98,0x00000000a2d80000)
 Metaspace       used 34600K, capacity 35414K, committed 35496K, reserved 1079296K
  class space    used 4747K, capacity 4972K, committed 5040K, reserved 1048576K
Event: 3.308 GC heap after
Heap after GC invocations=10 (full 1):
 PSYoungGen      total 139776K, used 11758K [0x00000000e0000000, 0x00000000ed900000, 0x0000000100000000)
  eden space 128000K, 0% used [0x00000000e0000000,0x00000000e0000000,0x00000000e7d00000)
  from space 11776K, 99% used [0x00000000e7d00000,0x00000000e887b900,0x00000000e8880000)
  to   space 13312K, 0% used [0x00000000ecc00000,0x00000000ecc00000,0x00000000ed900000)
 ParOldGen       total 46592K, used 7055K [0x00000000a0000000, 0x00000000a2d80000, 0x00000000e0000000)
  object space 46592K, 15% used [0x00000000a0000000,0x00000000a06e3f10,0x00000000a2d80000)
 Metaspace       used 34600K, capacity 35414K, committed 35496K, reserved 1079296K
  class space    used 4747K, capacity 4972K, committed 5040K, reserved 1048576K
}
Event: 3.308 GC heap before
{Heap before GC invocations=11 (full 2):
 PSYoungGen      total 139776K, used 11758K [0x00000000e0000000, 0x00000000ed900000, 0x0000000100000000)
  eden space 128000K, 0% used [0x00000000e0000000,0x00000000e0000000,0x00000000e7d00000)
  from space 11776K, 99% used [0x00000000e7d00000,0x00000000e887b900,0x00000000e8880000)
  to   space 13312K, 0% used [0x00000000ecc00000,0x00000000ecc00000,0x00000000ed900000)
 ParOldGen       total 46592K, used 7055K [0x00000000a0000000, 0x00000000a2d80000, 0x00000000e0000000)
  object space 46592K, 15% used [0x00000000a0000000,0x00000000a06e3f10,0x00000000a2d80000)
 Metaspace       used 34600K, capacity 35414K, committed 35496K, reserved 1079296K
  class space    used 4747K, capacity 4972K, committed 5040K, reserved 1048576K
Event: 3.370 GC heap after
Heap after GC invocations=11 (full 2):
 PSYoungGen      total 139776K, used 0K [0x00000000e0000000, 0x00000000ed900000, 0x0000000100000000)
  eden space 128000K, 0% used [0x00000000e0000000,0x00000000e0000000,0x00000000e7d00000)
  from space 11776K, 0% used [0x00000000e7d00000,0x00000000e7d00000,0x00000000e8880000)
  to   space 13312K, 0% used [0x00000000ecc00000,0x00000000ecc00000,0x00000000ed900000)
 ParOldGen       total 65024K, used 18245K [0x00000000a0000000, 0x00000000a3f80000, 0x00000000e0000000)
  object space 65024K, 28% used [0x00000000a0000000,0x00000000a11d1610,0x00000000a3f80000)
 Metaspace       used 34600K, capacity 35414K, committed 35496K, reserved 1079296K
  class space    used 4747K, capacity 4972K, committed 5040K, reserved 1048576K
}

