# JRE version: OpenJDK Runtime Environment (8.0_242-b01) (build 1.8.0_242-release-1644-b01)
# Java VM: OpenJDK 64-Bit Server VM (25.242-b01 mixed mode windows-amd64 compressed oops)
Heap:
 PSYoungGen      total 113664K, used 8671K [0x00000000e0000000, 0x00000000e9f80000, 0x0000000100000000)
  eden space 101376K, 0% used [0x00000000e0000000,0x00000000e0000000,0x00000000e6300000)
  from space 12288K, 70% used [0x00000000e6300000,0x00000000e6b77ea0,0x00000000e6f00000)
  to   space 12288K, 0% used [0x00000000e9380000,0x00000000e9380000,0x00000000e9f80000)
 ParOldGen       total 60928K, used 9235K [0x00000000a0000000, 0x00000000a3b80000, 0x00000000e0000000)
  object space 60928K, 15% used [0x00000000a0000000,0x00000000a0904d38,0x00000000a3b80000)
 Metaspace       used 34596K, capacity 35414K, committed 35496K, reserved 1079296K
  class space    used 4743K, capacity 4972K, committed 5040K, reserved 1048576K
GC Heap History (10 events):
Event: 2.610 GC heap after
Heap after GC invocations=6 (full 0):
 PSYoungGen      total 75776K, used 8647K [0x00000000e0000000, 0x00000000e5700000, 0x0000000100000000)
  eden space 65536K, 0% used [0x00000000e0000000,0x00000000e0000000,0x00000000e4000000)
  from space 10240K, 84% used [0x00000000e4b00000,0x00000000e5371c40,0x00000000e5500000)
  to   space 11264K, 0% used [0x00000000e4000000,0x00000000e4000000,0x00000000e4b00000)
 ParOldGen       total 87552K, used 7015K [0x00000000a0000000, 0x00000000a5580000, 0x00000000e0000000)
  object space 87552K, 8% used [0x00000000a0000000,0x00000000a06d9c20,0x00000000a5580000)
 Metaspace       used 20665K, capacity 21260K, committed 21296K, reserved 1067008K
  class space    used 2892K, capacity 3116K, committed 3120K, reserved 1048576K
}
Event: 2.610 GC heap before
{Heap before GC invocations=7 (full 1):
 PSYoungGen      total 75776K, used 8647K [0x00000000e0000000, 0x00000000e5700000, 0x0000000100000000)
  eden space 65536K, 0% used [0x00000000e0000000,0x00000000e0000000,0x00000000e4000000)
  from space 10240K, 84% used [0x00000000e4b00000,0x00000000e5371c40,0x00000000e5500000)
  to   space 11264K, 0% used [0x00000000e4000000,0x00000000e4000000,0x00000000e4b00000)
 ParOldGen       total 87552K, used 7015K [0x00000000a0000000, 0x00000000a5580000, 0x00000000e0000000)
  object space 87552K, 8% used [0x00000000a0000000,0x00000000a06d9c20,0x00000000a5580000)
 Metaspace       used 20665K, capacity 21260K, committed 21296K, reserved 1067008K
  class space    used 2892K, capacity 3116K, committed 3120K, reserved 1048576K
Event: 2.643 GC heap after
Heap after GC invocations=7 (full 1):
 PSYoungGen      total 75776K, used 0K [0x00000000e0000000, 0x00000000e5700000, 0x0000000100000000)
  eden space 65536K, 0% used [0x00000000e0000000,0x00000000e0000000,0x00000000e4000000)
  from space 10240K, 0% used [0x00000000e4b00000,0x00000000e4b00000,0x00000000e5500000)
  to   space 11264K, 0% used [0x00000000e4000000,0x00000000e4000000,0x00000000e4b00000)
 ParOldGen       total 60928K, used 9211K [0x00000000a0000000, 0x00000000a3b80000, 0x00000000e0000000)
  object space 60928K, 15% used [0x00000000a0000000,0x00000000a08fed38,0x00000000a3b80000)
 Metaspace       used 20665K, capacity 21260K, committed 21296K, reserved 1067008K
  class space    used 2892K, capacity 3116K, committed 3120K, reserved 1048576K
}
Event: 3.315 GC heap before
{Heap before GC invocations=8 (full 1):
 PSYoungGen      total 75776K, used 65217K [0x00000000e0000000, 0x00000000e5700000, 0x0000000100000000)
  eden space 65536K, 99% used [0x00000000e0000000,0x00000000e3fb0598,0x00000000e4000000)
  from space 10240K, 0% used [0x00000000e4b00000,0x00000000e4b00000,0x00000000e5500000)
  to   space 11264K, 0% used [0x00000000e4000000,0x00000000e4000000,0x00000000e4b00000)
 ParOldGen       total 60928K, used 9211K [0x00000000a0000000, 0x00000000a3b80000, 0x00000000e0000000)
  object space 60928K, 15% used [0x00000000a0000000,0x00000000a08fed38,0x00000000a3b80000)
 Metaspace       used 28254K, capacity 28916K, committed 29232K, reserved 1075200K
  class space    used 3893K, capacity 4127K, committed 4144K, reserved 1048576K
Event: 3.323 GC heap after
Heap after GC invocations=8 (full 1):
 PSYoungGen      total 76800K, used 9101K [0x00000000e0000000, 0x00000000e7a80000, 0x0000000100000000)
  eden space 65536K, 0% used [0x00000000e0000000,0x00000000e0000000,0x00000000e4000000)
  from space 11264K, 80% used [0x00000000e4000000,0x00000000e48e3590,0x00000000e4b00000)
  to   space 11776K, 0% used [0x00000000e6f00000,0x00000000e6f00000,0x00000000e7a80000)
 ParOldGen       total 60928K, used 9219K [0x00000000a0000000, 0x00000000a3b80000, 0x00000000e0000000)
  object space 60928K, 15% used [0x00000000a0000000,0x00000000a0900d38,0x00000000a3b80000)
 Metaspace       used 28254K, capacity 28916K, committed 29232K, reserved 1075200K
  class space    used 3893K, capacity 4127K, committed 4144K, reserved 1048576K
}
Event: 4.068 GC heap before
{Heap before GC invocations=9 (full 1):
 PSYoungGen      total 76800K, used 74637K [0x00000000e0000000, 0x00000000e7a80000, 0x0000000100000000)
  eden space 65536K, 100% used [0x00000000e0000000,0x00000000e4000000,0x00000000e4000000)
  from space 11264K, 80% used [0x00000000e4000000,0x00000000e48e3590,0x00000000e4b00000)
  to   space 11776K, 0% used [0x00000000e6f00000,0x00000000e6f00000,0x00000000e7a80000)
 ParOldGen       total 60928K, used 9219K [0x00000000a0000000, 0x00000000a3b80000, 0x00000000e0000000)
  object space 60928K, 15% used [0x00000000a0000000,0x00000000a0900d38,0x00000000a3b80000)
 Metaspace       used 32458K, capacity 33248K, committed 33456K, reserved 1077248K
  class space    used 4433K, capacity 4673K, committed 4784K, reserved 1048576K
Event: 4.083 GC heap after
Heap after GC invocations=9 (full 1):
 PSYoungGen      total 113152K, used 8715K [0x00000000e0000000, 0x00000000e7c80000, 0x0000000100000000)
  eden space 101376K, 0% used [0x00000000e0000000,0x00000000e0000000,0x00000000e6300000)
  from space 11776K, 74% used [0x00000000e6f00000,0x00000000e7782f48,0x00000000e7a80000)
  to   space 12288K, 0% used [0x00000000e6300000,0x00000000e6300000,0x00000000e6f00000)
 ParOldGen       total 60928K, used 9227K [0x00000000a0000000, 0x00000000a3b80000, 0x00000000e0000000)
  object space 60928K, 15% used [0x00000000a0000000,0x00000000a0902d38,0x00000000a3b80000)
 Metaspace       used 32458K, capacity 33248K, committed 33456K, reserved 1077248K
  class space    used 4433K, capacity 4673K, committed 4784K, reserved 1048576K
}
Event: 4.397 GC heap before
{Heap before GC invocations=10 (full 1):
 PSYoungGen      total 113152K, used 53996K [0x00000000e0000000, 0x00000000e7c80000, 0x0000000100000000)
  eden space 101376K, 44% used [0x00000000e0000000,0x00000000e2c38408,0x00000000e6300000)
  from space 11776K, 74% used [0x00000000e6f00000,0x00000000e7782f48,0x00000000e7a80000)
  to   space 12288K, 0% used [0x00000000e6300000,0x00000000e6300000,0x00000000e6f00000)
 ParOldGen       total 60928K, used 9227K [0x00000000a0000000, 0x00000000a3b80000, 0x00000000e0000000)
  object space 60928K, 15% used [0x00000000a0000000,0x00000000a0902d38,0x00000000a3b80000)
 Metaspace       used 34596K, capacity 35414K, committed 35496K, reserved 1079296K
  class space    used 4743K, capacity 4972K, committed 5040K, reserved 1048576K
Event: 4.406 GC heap after
Heap after GC invocations=10 (full 1):
 PSYoungGen      total 113664K, used 8671K [0x00000000e0000000, 0x00000000e9f80000, 0x0000000100000000)
  eden space 101376K, 0% used [0x00000000e0000000,0x00000000e0000000,0x00000000e6300000)
  from space 12288K, 70% used [0x00000000e6300000,0x00000000e6b77ea0,0x00000000e6f00000)
  to   space 12288K, 0% used [0x00000000e9380000,0x00000000e9380000,0x00000000e9f80000)
 ParOldGen       total 60928K, used 9235K [0x00000000a0000000, 0x00000000a3b80000, 0x00000000e0000000)
  object space 60928K, 15% used [0x00000000a0000000,0x00000000a0904d38,0x00000000a3b80000)
 Metaspace       used 34596K, capacity 35414K, committed 35496K, reserved 1079296K
  class space    used 4743K, capacity 4972K, committed 5040K, reserved 1048576K
}
Event: 4.406 GC heap before
{Heap before GC invocations=11 (full 2):
 PSYoungGen      total 113664K, used 8671K [0x00000000e0000000, 0x00000000e9f80000, 0x0000000100000000)
  eden space 101376K, 0% used [0x00000000e0000000,0x00000000e0000000,0x00000000e6300000)
  from space 12288K, 70% used [0x00000000e6300000,0x00000000e6b77ea0,0x00000000e6f00000)
  to   space 12288K, 0% used [0x00000000e9380000,0x00000000e9380000,0x00000000e9f80000)
 ParOldGen       total 60928K, used 9235K [0x00000000a0000000, 0x00000000a3b80000, 0x00000000e0000000)
  object space 60928K, 15% used [0x00000000a0000000,0x00000000a0904d38,0x00000000a3b80000)
 Metaspace       used 34596K, capacity 35414K, committed 35496K, reserved 1079296K
  class space    used 4743K, capacity 4972K, committed 5040K, reserved 1048576K

