# JRE version: OpenJDK Runtime Environment (8.0_242-b01) (build 1.8.0_242-release-1644-b01)
# Java VM: OpenJDK 64-Bit Server VM (25.242-b01 mixed mode windows-amd64 compressed oops)
Heap:
 PSYoungGen      total 143360K, used 143341K [0x00000000e0000000, 0x00000000e9f80000, 0x0000000100000000)
  eden space 131072K, 100% used [0x00000000e0000000,0x00000000e8000000,0x00000000e8000000)
  from space 12288K, 99% used [0x00000000e9380000,0x00000000e9f7b5c0,0x00000000e9f80000)
  to   space 13824K, 65% used [0x00000000e8480000,0x00000000e8d4b310,0x00000000e9200000)
 ParOldGen       total 526848K, used 460103K [0x00000000a0000000, 0x00000000c0280000, 0x00000000e0000000)
  object space 526848K, 87% used [0x00000000a0000000,0x00000000bc151c20,0x00000000c0280000)
 Metaspace       used 52166K, capacity 53964K, committed 54184K, reserved 1095680K
  class space    used 7048K, capacity 7481K, committed 7600K, reserved 1048576K
GC Heap History (10 events):
Event: 2.698 GC heap after
Heap after GC invocations=8 (full 1):
 PSYoungGen      total 76800K, used 8633K [0x00000000e0000000, 0x00000000e7c00000, 0x0000000100000000)
  eden space 65536K, 0% used [0x00000000e0000000,0x00000000e0000000,0x00000000e4000000)
  from space 11264K, 76% used [0x00000000e4000000,0x00000000e486e668,0x00000000e4b00000)
  to   space 11776K, 0% used [0x00000000e7080000,0x00000000e7080000,0x00000000e7c00000)
 ParOldGen       total 60416K, used 9164K [0x00000000a0000000, 0x00000000a3b00000, 0x00000000e0000000)
  object space 60416K, 15% used [0x00000000a0000000,0x00000000a08f3390,0x00000000a3b00000)
 Metaspace       used 28252K, capacity 28912K, committed 29232K, reserved 1075200K
  class space    used 3894K, capacity 4127K, committed 4144K, reserved 1048576K
}
Event: 3.158 GC heap before
{Heap before GC invocations=9 (full 1):
 PSYoungGen      total 76800K, used 74169K [0x00000000e0000000, 0x00000000e7c00000, 0x0000000100000000)
  eden space 65536K, 100% used [0x00000000e0000000,0x00000000e4000000,0x00000000e4000000)
  from space 11264K, 76% used [0x00000000e4000000,0x00000000e486e668,0x00000000e4b00000)
  to   space 11776K, 0% used [0x00000000e7080000,0x00000000e7080000,0x00000000e7c00000)
 ParOldGen       total 60416K, used 9164K [0x00000000a0000000, 0x00000000a3b00000, 0x00000000e0000000)
  object space 60416K, 15% used [0x00000000a0000000,0x00000000a08f3390,0x00000000a3b00000)
 Metaspace       used 32462K, capacity 33244K, committed 33456K, reserved 1077248K
  class space    used 4437K, capacity 4673K, committed 4784K, reserved 1048576K
Event: 3.167 GC heap after
Heap after GC invocations=9 (full 1):
 PSYoungGen      total 113152K, used 8713K [0x00000000e0000000, 0x00000000e7b00000, 0x0000000100000000)
  eden space 102400K, 0% used [0x00000000e0000000,0x00000000e0000000,0x00000000e6400000)
  from space 10752K, 81% used [0x00000000e7080000,0x00000000e79026a8,0x00000000e7b00000)
  to   space 11776K, 0% used [0x00000000e6400000,0x00000000e6400000,0x00000000e6f80000)
 ParOldGen       total 60416K, used 9172K [0x00000000a0000000, 0x00000000a3b00000, 0x00000000e0000000)
  object space 60416K, 15% used [0x00000000a0000000,0x00000000a08f5390,0x00000000a3b00000)
 Metaspace       used 32462K, capacity 33244K, committed 33456K, reserved 1077248K
  class space    used 4437K, capacity 4673K, committed 4784K, reserved 1048576K
}
Event: 3.409 GC heap before
{Heap before GC invocations=10 (full 1):
 PSYoungGen      total 113152K, used 56316K [0x00000000e0000000, 0x00000000e7b00000, 0x0000000100000000)
  eden space 102400K, 46% used [0x00000000e0000000,0x00000000e2e7cb50,0x00000000e6400000)
  from space 10752K, 81% used [0x00000000e7080000,0x00000000e79026a8,0x00000000e7b00000)
  to   space 11776K, 0% used [0x00000000e6400000,0x00000000e6400000,0x00000000e6f80000)
 ParOldGen       total 60416K, used 9172K [0x00000000a0000000, 0x00000000a3b00000, 0x00000000e0000000)
  object space 60416K, 15% used [0x00000000a0000000,0x00000000a08f5390,0x00000000a3b00000)
 Metaspace       used 34594K, capacity 35410K, committed 35496K, reserved 1079296K
  class space    used 4746K, capacity 4972K, committed 5040K, reserved 1048576K
Event: 3.416 GC heap after
Heap after GC invocations=10 (full 1):
 PSYoungGen      total 114176K, used 8715K [0x00000000e0000000, 0x00000000e9f80000, 0x0000000100000000)
  eden space 102400K, 0% used [0x00000000e0000000,0x00000000e0000000,0x00000000e6400000)
  from space 11776K, 74% used [0x00000000e6400000,0x00000000e6c82e18,0x00000000e6f80000)
  to   space 12288K, 0% used [0x00000000e9380000,0x00000000e9380000,0x00000000e9f80000)
 ParOldGen       total 60416K, used 9180K [0x00000000a0000000, 0x00000000a3b00000, 0x00000000e0000000)
  object space 60416K, 15% used [0x00000000a0000000,0x00000000a08f7390,0x00000000a3b00000)
 Metaspace       used 34594K, capacity 35410K, committed 35496K, reserved 1079296K
  class space    used 4746K, capacity 4972K, committed 5040K, reserved 1048576K
}
Event: 3.416 GC heap before
{Heap before GC invocations=11 (full 2):
 PSYoungGen      total 114176K, used 8715K [0x00000000e0000000, 0x00000000e9f80000, 0x0000000100000000)
  eden space 102400K, 0% used [0x00000000e0000000,0x00000000e0000000,0x00000000e6400000)
  from space 11776K, 74% used [0x00000000e6400000,0x00000000e6c82e18,0x00000000e6f80000)
  to   space 12288K, 0% used [0x00000000e9380000,0x00000000e9380000,0x00000000e9f80000)
 ParOldGen       total 60416K, used 9180K [0x00000000a0000000, 0x00000000a3b00000, 0x00000000e0000000)
  object space 60416K, 15% used [0x00000000a0000000,0x00000000a08f7390,0x00000000a3b00000)
 Metaspace       used 34594K, capacity 35410K, committed 35496K, reserved 1079296K
  class space    used 4746K, capacity 4972K, committed 5040K, reserved 1048576K
Event: 3.455 GC heap after
Heap after GC invocations=11 (full 2):
 PSYoungGen      total 114176K, used 0K [0x00000000e0000000, 0x00000000e9f80000, 0x0000000100000000)
  eden space 102400K, 0% used [0x00000000e0000000,0x00000000e0000000,0x00000000e6400000)
  from space 11776K, 0% used [0x00000000e6400000,0x00000000e6400000,0x00000000e6f80000)
  to   space 12288K, 0% used [0x00000000e9380000,0x00000000e9380000,0x00000000e9f80000)
 ParOldGen       total 90624K, used 15464K [0x00000000a0000000, 0x00000000a5880000, 0x00000000e0000000)
  object space 90624K, 17% used [0x00000000a0000000,0x00000000a0f1a1c8,0x00000000a5880000)
 Metaspace       used 34594K, capacity 35410K, committed 35496K, reserved 1079296K
  class space    used 4746K, capacity 4972K, committed 5040K, reserved 1048576K
}
Event: 4.350 GC heap before
{Heap before GC invocations=12 (full 2):
 PSYoungGen      total 114176K, used 102400K [0x00000000e0000000, 0x00000000e9f80000, 0x0000000100000000)
  eden space 102400K, 100% used [0x00000000e0000000,0x00000000e6400000,0x00000000e6400000)
  from space 11776K, 0% used [0x00000000e6400000,0x00000000e6400000,0x00000000e6f80000)
  to   space 12288K, 0% used [0x00000000e9380000,0x00000000e9380000,0x00000000e9f80000)
 ParOldGen       total 90624K, used 15464K [0x00000000a0000000, 0x00000000a5880000, 0x00000000e0000000)
  object space 90624K, 17% used [0x00000000a0000000,0x00000000a0f1a1c8,0x00000000a5880000)
 Metaspace       used 42946K, capacity 44408K, committed 44712K, reserved 1087488K
  class space    used 5797K, capacity 6198K, committed 6320K, reserved 1048576K
Event: 4.363 GC heap after
Heap after GC invocations=12 (full 2):
 PSYoungGen      total 143360K, used 12269K [0x00000000e0000000, 0x00000000e9f80000, 0x0000000100000000)
  eden space 131072K, 0% used [0x00000000e0000000,0x00000000e0000000,0x00000000e8000000)
  from space 12288K, 99% used [0x00000000e9380000,0x00000000e9f7b5c0,0x00000000e9f80000)
  to   space 13824K, 0% used [0x00000000e8480000,0x00000000e8480000,0x00000000e9200000)
 ParOldGen       total 90624K, used 16757K [0x00000000a0000000, 0x00000000a5880000, 0x00000000e0000000)
  object space 90624K, 18% used [0x00000000a0000000,0x00000000a105d618,0x00000000a5880000)
 Metaspace       used 42946K, capacity 44408K, committed 44712K, reserved 1087488K
  class space    used 5797K, capacity 6198K, committed 6320K, reserved 1048576K
}
Event: 5.409 GC heap before
{Heap before GC invocations=13 (full 2):
 PSYoungGen      total 143360K, used 143341K [0x00000000e0000000, 0x00000000e9f80000, 0x0000000100000000)
  eden space 131072K, 100% used [0x00000000e0000000,0x00000000e8000000,0x00000000e8000000)
  from space 12288K, 99% used [0x00000000e9380000,0x00000000e9f7b5c0,0x00000000e9f80000)
  to   space 13824K, 0% used [0x00000000e8480000,0x00000000e8480000,0x00000000e9200000)
 ParOldGen       total 90624K, used 16757K [0x00000000a0000000, 0x00000000a5880000, 0x00000000e0000000)
  object space 90624K, 18% used [0x00000000a0000000,0x00000000a105d618,0x00000000a5880000)
 Metaspace       used 52166K, capacity 53964K, committed 54184K, reserved 1095680K
  class space    used 7048K, capacity 7481K, committed 7600K, reserved 1048576K

